;;; 
Export: Release 11.2.0.1.0 - Production on Tue Jun 22 08:49:31 2010

Copyright (c) 1982, 2009, Oracle and/or its affiliates.  All rights reserved.
;;; 
Connected to: Oracle Database 11g Enterprise Edition Release 11.2.0.1.0 - Production
With the Partitioning, OLAP, Data Mining and Real Application Testing options
Starting "SYSTEM"."SYS_EXPORT_SCHEMA_01":  system/******** parfile=export_samples.par 
Estimate in progress using BLOCKS method...
Processing object type SCHEMA_EXPORT/TABLE/TABLE_DATA
Total estimation using BLOCKS method: 51.12 MB
Processing object type SCHEMA_EXPORT/USER
Processing object type SCHEMA_EXPORT/SYSTEM_GRANT
Processing object type SCHEMA_EXPORT/ROLE_GRANT
Processing object type SCHEMA_EXPORT/DEFAULT_ROLE
Processing object type SCHEMA_EXPORT/PRE_SCHEMA/PROCACT_SCHEMA
Processing object type SCHEMA_EXPORT/SYNONYM/SYNONYM
Processing object type SCHEMA_EXPORT/TYPE/INC_TYPE
Processing object type SCHEMA_EXPORT/TYPE/TYPE_SPEC
Processing object type SCHEMA_EXPORT/SEQUENCE/SEQUENCE
Processing object type SCHEMA_EXPORT/XMLSCHEMA/XMLSCHEMA
Processing object type SCHEMA_EXPORT/TABLE/TABLE
Processing object type SCHEMA_EXPORT/TABLE/GRANT/OWNER_GRANT/OBJECT_GRANT
Processing object type SCHEMA_EXPORT/TABLE/INDEX/INDEX
Processing object type SCHEMA_EXPORT/TABLE/CONSTRAINT/CONSTRAINT
Processing object type SCHEMA_EXPORT/TABLE/INDEX/STATISTICS/INDEX_STATISTICS
Processing object type SCHEMA_EXPORT/TABLE/COMMENT
Processing object type SCHEMA_EXPORT/FUNCTION/FUNCTION
Processing object type SCHEMA_EXPORT/PROCEDURE/PROCEDURE
Processing object type SCHEMA_EXPORT/FUNCTION/ALTER_FUNCTION
Processing object type SCHEMA_EXPORT/PROCEDURE/ALTER_PROCEDURE
Processing object type SCHEMA_EXPORT/VIEW/VIEW
Processing object type SCHEMA_EXPORT/VIEW/GRANT/OWNER_GRANT/OBJECT_GRANT
Processing object type SCHEMA_EXPORT/TYPE/TYPE_BODY
Processing object type SCHEMA_EXPORT/TABLE/CONSTRAINT/REF_CONSTRAINT
Processing object type SCHEMA_EXPORT/TABLE/TRIGGER
Processing object type SCHEMA_EXPORT/VIEW/TRIGGER
Processing object type SCHEMA_EXPORT/TABLE/INDEX/FUNCTIONAL_AND_BITMAP/INDEX
Processing object type SCHEMA_EXPORT/TABLE/INDEX/STATISTICS/FUNCTIONAL_AND_BITMAP/INDEX_STATISTICS
Processing object type SCHEMA_EXPORT/TABLE/STATISTICS/TABLE_STATISTICS
Processing object type SCHEMA_EXPORT/TABLE/INDEX/DOMAIN_INDEX/INDEX
Processing object type SCHEMA_EXPORT/MATERIALIZED_VIEW
Processing object type SCHEMA_EXPORT/DIMENSION
Processing object type SCHEMA_EXPORT/TABLE/POST_INSTANCE/PROCACT_INSTANCE
Processing object type SCHEMA_EXPORT/TABLE/POST_INSTANCE/PROCDEPOBJ
Processing object type SCHEMA_EXPORT/POST_SCHEMA/PROCOBJ
Processing object type SCHEMA_EXPORT/POST_SCHEMA/PROCACT_SCHEMA
. . exported "SH"."CUSTOMERS"                            9.853 MB   55500 rows
. . exported "PM"."ONLINE_MEDIA"                         7.752 MB       9 rows
. . exported "SH"."SUPPLEMENTARY_DEMOGRAPHICS"           697.3 KB    4500 rows
. . exported "OE"."PRODUCT_DESCRIPTIONS"                 2.379 MB    8640 rows
. . exported "SH"."SALES":"SALES_Q4_2001"                2.257 MB   69749 rows
. . exported "SH"."SALES":"SALES_Q1_1999"                2.071 MB   64186 rows
. . exported "SH"."SALES":"SALES_Q3_2001"                2.130 MB   65769 rows
. . exported "SH"."SALES":"SALES_Q1_2000"                2.012 MB   62197 rows
. . exported "SH"."SALES":"SALES_Q1_2001"                1.965 MB   60608 rows
. . exported "SH"."SALES":"SALES_Q2_2001"                2.051 MB   63292 rows
. . exported "SH"."SALES":"SALES_Q3_1999"                2.166 MB   67138 rows
. . exported "SH"."SALES":"SALES_Q4_1999"                2.014 MB   62388 rows
. . exported "SH"."SALES":"SALES_Q2_2000"                1.802 MB   55515 rows
. . exported "SH"."SALES":"SALES_Q3_2000"                1.909 MB   58950 rows
. . exported "SH"."SALES":"SALES_Q4_1998"                1.581 MB   48874 rows
. . exported "SH"."SALES":"SALES_Q4_2000"                1.814 MB   55984 rows
. . exported "SH"."SALES":"SALES_Q2_1999"                1.754 MB   54233 rows
. . exported "SH"."SALES":"SALES_Q1_1998"                1.412 MB   43687 rows
. . exported "SH"."SALES":"SALES_Q3_1998"                1.633 MB   50515 rows
. . exported "PM"."PRINT_MEDIA"                          187.8 KB       4 rows
. . exported "SH"."SALES":"SALES_Q2_1998"                1.160 MB   35758 rows
. . exported "OE"."PURCHASEORDER"                        243.9 KB     132 rows
. . exported "SH"."FWEEK_PSCAT_SALES_MV"                 419.8 KB   11266 rows
. . exported "SH"."PROMOTIONS"                           58.89 KB     503 rows
. . exported "SH"."TIMES"                                380.8 KB    1826 rows
. . exported "OE"."CUSTOMERS"                            77.98 KB     319 rows
. . exported "OE"."WAREHOUSES"                           12.46 KB       9 rows
. . exported "SH"."COSTS":"COSTS_Q4_2001"                278.4 KB    9011 rows
. . exported "PM"."TEXTDOCS_NESTEDTAB"                   87.73 KB      12 rows
. . exported "SH"."COSTS":"COSTS_Q1_1999"                183.5 KB    5884 rows
. . exported "SH"."COSTS":"COSTS_Q1_2001"                227.8 KB    7328 rows
. . exported "SH"."COSTS":"COSTS_Q2_2001"                184.5 KB    5882 rows
. . exported "SH"."COSTS":"COSTS_Q3_2001"                234.4 KB    7545 rows
. . exported "OE"."PRODUCT_INFORMATION"                  72.77 KB     288 rows
. . exported "SH"."COSTS":"COSTS_Q1_1998"                139.5 KB    4411 rows
. . exported "SH"."COSTS":"COSTS_Q1_2000"                120.6 KB    3772 rows
. . exported "SH"."COSTS":"COSTS_Q2_1998"                79.53 KB    2397 rows
. . exported "SH"."COSTS":"COSTS_Q2_1999"                132.6 KB    4179 rows
. . exported "SH"."COSTS":"COSTS_Q2_2000"                119.0 KB    3715 rows
. . exported "SH"."COSTS":"COSTS_Q3_1998"                131.1 KB    4129 rows
. . exported "SH"."COSTS":"COSTS_Q3_1999"                137.3 KB    4336 rows
. . exported "SH"."COSTS":"COSTS_Q3_2000"                151.4 KB    4798 rows
. . exported "SH"."COSTS":"COSTS_Q4_1998"                144.7 KB    4577 rows
. . exported "SH"."COSTS":"COSTS_Q4_1999"                159.0 KB    5060 rows
. . exported "SH"."COSTS":"COSTS_Q4_2000"                160.2 KB    5088 rows
. . exported "HR"."COUNTRIES"                            6.375 KB      25 rows
. . exported "HR"."DEPARTMENTS"                          7.015 KB      27 rows
. . exported "HR"."EMPLOYEES"                            16.81 KB     107 rows
. . exported "HR"."JOBS"                                 6.992 KB      19 rows
. . exported "HR"."JOB_HISTORY"                          7.054 KB      10 rows
. . exported "HR"."LOCATIONS"                            8.273 KB      23 rows
. . exported "HR"."REGIONS"                              5.484 KB       4 rows
. . exported "IX"."AQ$_ORDERS_QUEUETABLE_S"              10.92 KB       4 rows
. . exported "IX"."AQ$_STREAMS_QUEUE_TABLE_S"            11.17 KB       1 rows
. . exported "OE"."PRODUCT_REF_LIST_NESTEDTAB"           12.51 KB     288 rows
. . exported "OE"."SUBCATEGORY_REF_LIST_NESTEDTAB"       6.593 KB      21 rows
. . exported "OE"."CATEGORIES_TAB"                       14.16 KB      22 rows
. . exported "OE"."INVENTORIES"                          21.67 KB    1112 rows
. . exported "OE"."ORDERS"                               12.39 KB     105 rows
. . exported "OE"."ORDER_ITEMS"                          20.88 KB     665 rows
. . exported "OE"."PROMOTIONS"                           5.507 KB       2 rows
. . exported "SH"."CAL_MONTH_SALES_MV"                   6.320 KB      48 rows
. . exported "SH"."CHANNELS"                             7.257 KB       5 rows
. . exported "SH"."COUNTRIES"                            10.21 KB      23 rows
. . exported "SH"."PRODUCTS"                             26.18 KB      72 rows
. . exported "IX"."AQ$_ORDERS_QUEUETABLE_G"                  0 KB       0 rows
. . exported "IX"."AQ$_ORDERS_QUEUETABLE_H"                  0 KB       0 rows
. . exported "IX"."AQ$_ORDERS_QUEUETABLE_I"                  0 KB       0 rows
. . exported "IX"."AQ$_ORDERS_QUEUETABLE_L"                  0 KB       0 rows
. . exported "IX"."AQ$_ORDERS_QUEUETABLE_T"                  0 KB       0 rows
. . exported "IX"."AQ$_STREAMS_QUEUE_TABLE_C"                0 KB       0 rows
. . exported "IX"."AQ$_STREAMS_QUEUE_TABLE_G"                0 KB       0 rows
. . exported "IX"."AQ$_STREAMS_QUEUE_TABLE_H"                0 KB       0 rows
. . exported "IX"."AQ$_STREAMS_QUEUE_TABLE_I"                0 KB       0 rows
. . exported "IX"."AQ$_STREAMS_QUEUE_TABLE_L"                0 KB       0 rows
. . exported "IX"."AQ$_STREAMS_QUEUE_TABLE_T"                0 KB       0 rows
. . exported "IX"."ORDERS_QUEUETABLE"                        0 KB       0 rows
. . exported "IX"."STREAMS_QUEUE_TABLE"                      0 KB       0 rows
. . exported "SH"."COSTS":"COSTS_1995"                       0 KB       0 rows
. . exported "SH"."COSTS":"COSTS_1996"                       0 KB       0 rows
. . exported "SH"."COSTS":"COSTS_H1_1997"                    0 KB       0 rows
. . exported "SH"."COSTS":"COSTS_H2_1997"                    0 KB       0 rows
. . exported "SH"."COSTS":"COSTS_Q1_2002"                    0 KB       0 rows
. . exported "SH"."COSTS":"COSTS_Q1_2003"                    0 KB       0 rows
. . exported "SH"."COSTS":"COSTS_Q2_2002"                    0 KB       0 rows
. . exported "SH"."COSTS":"COSTS_Q2_2003"                    0 KB       0 rows
. . exported "SH"."COSTS":"COSTS_Q3_2002"                    0 KB       0 rows
. . exported "SH"."COSTS":"COSTS_Q3_2003"                    0 KB       0 rows
. . exported "SH"."COSTS":"COSTS_Q4_2002"                    0 KB       0 rows
. . exported "SH"."COSTS":"COSTS_Q4_2003"                    0 KB       0 rows
. . exported "SH"."DIMENSION_EXCEPTIONS"                     0 KB       0 rows
. . exported "SH"."SALES":"SALES_1995"                       0 KB       0 rows
. . exported "SH"."SALES":"SALES_1996"                       0 KB       0 rows
. . exported "SH"."SALES":"SALES_H1_1997"                    0 KB       0 rows
. . exported "SH"."SALES":"SALES_H2_1997"                    0 KB       0 rows
. . exported "SH"."SALES":"SALES_Q1_2002"                    0 KB       0 rows
. . exported "SH"."SALES":"SALES_Q1_2003"                    0 KB       0 rows
. . exported "SH"."SALES":"SALES_Q2_2002"                    0 KB       0 rows
. . exported "SH"."SALES":"SALES_Q2_2003"                    0 KB       0 rows
. . exported "SH"."SALES":"SALES_Q3_2002"                    0 KB       0 rows
. . exported "SH"."SALES":"SALES_Q3_2003"                    0 KB       0 rows
. . exported "SH"."SALES":"SALES_Q4_2002"                    0 KB       0 rows
. . exported "SH"."SALES":"SALES_Q4_2003"                    0 KB       0 rows
Master table "SYSTEM"."SYS_EXPORT_SCHEMA_01" successfully loaded/unloaded
******************************************************************************
Dump file set for SYSTEM.SYS_EXPORT_SCHEMA_01 is:
  C:\APP\ORACLE\ADMIN\SAMPLES\DPDUMP\EXPORTED_SAMPLE_SCHEMAS.DMP
Job "SYSTEM"."SYS_EXPORT_SCHEMA_01" successfully completed at 08:52:05
