;;; 
Import: Release 12.2.0.1.0 - Production on Wed Nov 7 14:38:53 2018

Copyright (c) 1982, 2017, Oracle and/or its affiliates.  All rights reserved.
;;; 
Connected to: Oracle Database 12c Enterprise Edition Release 12.2.0.1.0 - 64bit Production
Master table "SYSTEM"."SYS_IMPORT_SCHEMA_01" successfully loaded/unloaded
import done in AL32UTF8 character set and AL16UTF16 NCHAR character set
export done in WE8MSWIN1252 character set and AL16UTF16 NCHAR character set
Warning: possible data loss in character set conversions
Starting "SYSTEM"."SYS_IMPORT_SCHEMA_01":  system/********@orcl schemas=sh directory=import_dir dumpfile=EXPORTED_SAMPLE_SCHEMAS.dmp logfile=import.log remap_tablespace=EXAMPLE:USERS 
Processing object type SCHEMA_EXPORT/USER
Processing object type SCHEMA_EXPORT/SYSTEM_GRANT
Processing object type SCHEMA_EXPORT/ROLE_GRANT
ORA-39083: Object type ROLE_GRANT failed to create with error:
ORA-01919: role 'CWM_USER' does not exist

Failing sql is:
 GRANT "CWM_USER" TO "SH"
 
Processing object type SCHEMA_EXPORT/DEFAULT_ROLE
Processing object type SCHEMA_EXPORT/PRE_SCHEMA/PROCACT_SCHEMA
Processing object type SCHEMA_EXPORT/TABLE/TABLE
Processing object type SCHEMA_EXPORT/TABLE/TABLE_DATA
. . imported "SH"."CUSTOMERS"                            9.853 MB   55500 rows
. . imported "SH"."SUPPLEMENTARY_DEMOGRAPHICS"           697.3 KB    4500 rows
. . imported "SH"."SALES":"SALES_Q4_2001"                2.257 MB   69749 rows
. . imported "SH"."SALES":"SALES_Q1_1999"                2.071 MB   64186 rows
. . imported "SH"."SALES":"SALES_Q3_2001"                2.130 MB   65769 rows
. . imported "SH"."SALES":"SALES_Q1_2000"                2.012 MB   62197 rows
. . imported "SH"."SALES":"SALES_Q1_2001"                1.965 MB   60608 rows
. . imported "SH"."SALES":"SALES_Q2_2001"                2.051 MB   63292 rows
. . imported "SH"."SALES":"SALES_Q3_1999"                2.166 MB   67138 rows
. . imported "SH"."SALES":"SALES_Q4_1999"                2.014 MB   62388 rows
. . imported "SH"."SALES":"SALES_Q2_2000"                1.802 MB   55515 rows
. . imported "SH"."SALES":"SALES_Q3_2000"                1.909 MB   58950 rows
. . imported "SH"."SALES":"SALES_Q4_1998"                1.581 MB   48874 rows
. . imported "SH"."SALES":"SALES_Q4_2000"                1.814 MB   55984 rows
. . imported "SH"."SALES":"SALES_Q2_1999"                1.754 MB   54233 rows
. . imported "SH"."SALES":"SALES_Q1_1998"                1.412 MB   43687 rows
. . imported "SH"."SALES":"SALES_Q3_1998"                1.633 MB   50515 rows
. . imported "SH"."SALES":"SALES_Q2_1998"                1.160 MB   35758 rows
. . imported "SH"."FWEEK_PSCAT_SALES_MV"                 419.8 KB   11266 rows
. . imported "SH"."PROMOTIONS"                           58.89 KB     503 rows
. . imported "SH"."TIMES"                                380.8 KB    1826 rows
. . imported "SH"."COSTS":"COSTS_Q4_2001"                278.4 KB    9011 rows
. . imported "SH"."COSTS":"COSTS_Q1_1999"                183.5 KB    5884 rows
. . imported "SH"."COSTS":"COSTS_Q1_2001"                227.8 KB    7328 rows
. . imported "SH"."COSTS":"COSTS_Q2_2001"                184.5 KB    5882 rows
. . imported "SH"."COSTS":"COSTS_Q3_2001"                234.4 KB    7545 rows
. . imported "SH"."COSTS":"COSTS_Q1_1998"                139.5 KB    4411 rows
. . imported "SH"."COSTS":"COSTS_Q1_2000"                120.6 KB    3772 rows
. . imported "SH"."COSTS":"COSTS_Q2_1998"                79.53 KB    2397 rows
. . imported "SH"."COSTS":"COSTS_Q2_1999"                132.6 KB    4179 rows
. . imported "SH"."COSTS":"COSTS_Q2_2000"                119.0 KB    3715 rows
. . imported "SH"."COSTS":"COSTS_Q3_1998"                131.1 KB    4129 rows
. . imported "SH"."COSTS":"COSTS_Q3_1999"                137.3 KB    4336 rows
. . imported "SH"."COSTS":"COSTS_Q3_2000"                151.4 KB    4798 rows
. . imported "SH"."COSTS":"COSTS_Q4_1998"                144.7 KB    4577 rows
. . imported "SH"."COSTS":"COSTS_Q4_1999"                159.0 KB    5060 rows
. . imported "SH"."COSTS":"COSTS_Q4_2000"                160.2 KB    5088 rows
. . imported "SH"."CAL_MONTH_SALES_MV"                   6.320 KB      48 rows
. . imported "SH"."CHANNELS"                             7.257 KB       5 rows
. . imported "SH"."COUNTRIES"                            10.21 KB      23 rows
. . imported "SH"."PRODUCTS"                             26.18 KB      72 rows
. . imported "SH"."COSTS":"COSTS_1995"                       0 KB       0 rows
. . imported "SH"."COSTS":"COSTS_1996"                       0 KB       0 rows
. . imported "SH"."COSTS":"COSTS_H1_1997"                    0 KB       0 rows
. . imported "SH"."COSTS":"COSTS_H2_1997"                    0 KB       0 rows
. . imported "SH"."COSTS":"COSTS_Q1_2002"                    0 KB       0 rows
. . imported "SH"."COSTS":"COSTS_Q1_2003"                    0 KB       0 rows
. . imported "SH"."COSTS":"COSTS_Q2_2002"                    0 KB       0 rows
. . imported "SH"."COSTS":"COSTS_Q2_2003"                    0 KB       0 rows
. . imported "SH"."COSTS":"COSTS_Q3_2002"                    0 KB       0 rows
. . imported "SH"."COSTS":"COSTS_Q3_2003"                    0 KB       0 rows
. . imported "SH"."COSTS":"COSTS_Q4_2002"                    0 KB       0 rows
. . imported "SH"."COSTS":"COSTS_Q4_2003"                    0 KB       0 rows
. . imported "SH"."DIMENSION_EXCEPTIONS"                     0 KB       0 rows
. . imported "SH"."SALES":"SALES_1995"                       0 KB       0 rows
. . imported "SH"."SALES":"SALES_1996"                       0 KB       0 rows
. . imported "SH"."SALES":"SALES_H1_1997"                    0 KB       0 rows
. . imported "SH"."SALES":"SALES_H2_1997"                    0 KB       0 rows
. . imported "SH"."SALES":"SALES_Q1_2002"                    0 KB       0 rows
. . imported "SH"."SALES":"SALES_Q1_2003"                    0 KB       0 rows
. . imported "SH"."SALES":"SALES_Q2_2002"                    0 KB       0 rows
. . imported "SH"."SALES":"SALES_Q2_2003"                    0 KB       0 rows
. . imported "SH"."SALES":"SALES_Q3_2002"                    0 KB       0 rows
. . imported "SH"."SALES":"SALES_Q3_2003"                    0 KB       0 rows
. . imported "SH"."SALES":"SALES_Q4_2002"                    0 KB       0 rows
. . imported "SH"."SALES":"SALES_Q4_2003"                    0 KB       0 rows
Processing object type SCHEMA_EXPORT/TABLE/GRANT/OWNER_GRANT/OBJECT_GRANT
Processing object type SCHEMA_EXPORT/TABLE/INDEX/INDEX
Processing object type SCHEMA_EXPORT/TABLE/CONSTRAINT/CONSTRAINT
Processing object type SCHEMA_EXPORT/TABLE/INDEX/STATISTICS/INDEX_STATISTICS
Processing object type SCHEMA_EXPORT/TABLE/COMMENT
Processing object type SCHEMA_EXPORT/VIEW/VIEW
Processing object type SCHEMA_EXPORT/TABLE/CONSTRAINT/REF_CONSTRAINT
Processing object type SCHEMA_EXPORT/TABLE/INDEX/FUNCTIONAL_AND_BITMAP/INDEX
Processing object type SCHEMA_EXPORT/TABLE/INDEX/STATISTICS/FUNCTIONAL_AND_BITMAP/INDEX_STATISTICS
Processing object type SCHEMA_EXPORT/TABLE/STATISTICS/TABLE_STATISTICS
Processing object type SCHEMA_EXPORT/TABLE/INDEX/DOMAIN_INDEX/INDEX
Processing object type SCHEMA_EXPORT/MATERIALIZED_VIEW
Processing object type SCHEMA_EXPORT/DIMENSION
Job "SYSTEM"."SYS_IMPORT_SCHEMA_01" completed with 1 error(s) at Wed Nov 7 14:39:13 2018 elapsed 0 00:00:19
